2020.05.07 11:40:09 INFO  started: Metals version 0.9.0 in workspace 'C:\Users\nico9\Desktop\Empresariales\git\RentRooms'
2020.05.07 11:40:09 INFO  time: initialize in 0.49s
2020.05.07 11:40:10 INFO  no build target: using presentation compiler with only scala-library
2020.05.07 11:40:12 WARN  no build target for: C:\Users\nico9\Desktop\Empresariales\git\RentRooms\app\models\Room.scala
2020.05.07 13:51:05 WARN  no build target for: C:\Users\nico9\Desktop\Empresariales\git\RentRooms\app\controllers\RoomController.scala
2020.05.07 13:54:49 WARN  code navigation does not work for the file 'C:\Users\nico9\Desktop\Empresariales\git\RentRooms\app\controllers\RoomController.scala' because it doesn't belong to a build target.
2020.05.07 13:54:49 WARN  no build target for: C:\Users\nico9\Desktop\Empresariales\git\RentRooms\app\controllers\RoomController.scala
2020.05.07 13:54:49 WARN  code navigation does not work for the file 'C:\Users\nico9\Desktop\Empresariales\git\RentRooms\app\controllers\RoomController.scala' because it doesn't belong to a build target.
2020.05.07 14:07:02 WARN  code navigation does not work for the file 'C:\Users\nico9\Desktop\Empresariales\git\RentRooms\app\controllers\RoomController.scala' because it doesn't belong to a build target.
2020.05.07 14:07:02 WARN  code navigation does not work for the file 'C:\Users\nico9\Desktop\Empresariales\git\RentRooms\app\controllers\RoomController.scala' because it doesn't belong to a build target.
2020.05.07 14:07:07 WARN  no build target for: C:\Users\nico9\Desktop\Empresariales\git\RentRooms\app\controllers\RoomController.scala
2020.05.07 14:07:16 WARN  no build target for: C:\Users\nico9\Desktop\Empresariales\git\RentRooms\app\controllers\RoomController.scala
2020.05.07 14:09:52 WARN  no build target for: C:\Users\nico9\Desktop\Empresariales\git\RentRooms\app\controllers\RoomController.scala
2020.05.07 14:09:52 WARN  no build target for: C:\Users\nico9\Desktop\Empresariales\git\RentRooms\app\controllers\RoomController.scala
2020.05.07 14:19:31 WARN  no build target for: C:\Users\nico9\Desktop\Empresariales\git\RentRooms\app\controllers\RoomController.scala
2020.05.07 14:19:42 WARN  code navigation does not work for the file 'C:\Users\nico9\Desktop\Empresariales\git\RentRooms\app\controllers\RoomController.scala' because it doesn't belong to a build target.
2020.05.07 14:19:42 WARN  code navigation does not work for the file 'C:\Users\nico9\Desktop\Empresariales\git\RentRooms\app\controllers\RoomController.scala' because it doesn't belong to a build target.
2020.05.07 14:19:42 WARN  code navigation does not work for the file 'C:\Users\nico9\Desktop\Empresariales\git\RentRooms\app\controllers\RoomController.scala' because it doesn't belong to a build target.
2020.05.07 14:19:42 WARN  code navigation does not work for the file 'C:\Users\nico9\Desktop\Empresariales\git\RentRooms\app\controllers\RoomController.scala' because it doesn't belong to a build target.
2020.05.07 14:20:40 WARN  no build target for: C:\Users\nico9\Desktop\Empresariales\git\RentRooms\app\controllers\RoomController.scala
2020.05.07 14:20:43 WARN  no build target for: C:\Users\nico9\Desktop\Empresariales\git\RentRooms\app\controllers\RoomController.scala
2020.05.07 14:21:14 WARN  no build target for: C:\Users\nico9\Desktop\Empresariales\git\RentRooms\app\controllers\RoomController.scala
2020.05.07 14:22:18 WARN  code navigation does not work for the file 'C:\Users\nico9\Desktop\Empresariales\git\RentRooms\app\controllers\RoomController.scala' because it doesn't belong to a build target.
2020.05.07 14:22:18 WARN  no build target for: C:\Users\nico9\Desktop\Empresariales\git\RentRooms\app\controllers\RoomController.scala
2020.05.07 14:22:24 WARN  code navigation does not work for the file 'C:\Users\nico9\Desktop\Empresariales\git\RentRooms\app\controllers\RoomController.scala' because it doesn't belong to a build target.
2020.05.07 14:22:24 WARN  code navigation does not work for the file 'C:\Users\nico9\Desktop\Empresariales\git\RentRooms\app\controllers\RoomController.scala' because it doesn't belong to a build target.
2020.05.07 14:22:24 WARN  no build target for: C:\Users\nico9\Desktop\Empresariales\git\RentRooms\app\controllers\RoomController.scala
2020.05.07 14:22:24 WARN  code navigation does not work for the file 'C:\Users\nico9\Desktop\Empresariales\git\RentRooms\app\controllers\RoomController.scala' because it doesn't belong to a build target.
2020.05.07 14:22:36 WARN  no build target for: C:\Users\nico9\Desktop\Empresariales\git\RentRooms\app\controllers\RoomController.scala
2020.05.07 14:22:39 WARN  code navigation does not work for the file 'C:\Users\nico9\Desktop\Empresariales\git\RentRooms\app\controllers\RoomController.scala' because it doesn't belong to a build target.
2020.05.07 14:22:44 WARN  no build target for: C:\Users\nico9\Desktop\Empresariales\git\RentRooms\app\controllers\RoomController.scala
2020.05.07 14:22:46 WARN  code navigation does not work for the file 'C:\Users\nico9\Desktop\Empresariales\git\RentRooms\app\controllers\RoomController.scala' because it doesn't belong to a build target.
2020.05.07 14:22:48 WARN  code navigation does not work for the file 'C:\Users\nico9\Desktop\Empresariales\git\RentRooms\app\controllers\RoomController.scala' because it doesn't belong to a build target.
2020.05.07 14:22:52 WARN  code navigation does not work for the file 'C:\Users\nico9\Desktop\Empresariales\git\RentRooms\app\controllers\RoomController.scala' because it doesn't belong to a build target.
2020.05.07 14:22:52 WARN  code navigation does not work for the file 'C:\Users\nico9\Desktop\Empresariales\git\RentRooms\app\controllers\RoomController.scala' because it doesn't belong to a build target.
2020.05.07 14:22:53 WARN  no build target for: C:\Users\nico9\Desktop\Empresariales\git\RentRooms\app\controllers\RoomController.scala
2020.05.07 14:22:58 WARN  code navigation does not work for the file 'C:\Users\nico9\Desktop\Empresariales\git\RentRooms\app\controllers\RoomController.scala' because it doesn't belong to a build target.
2020.05.07 14:22:58 WARN  code navigation does not work for the file 'C:\Users\nico9\Desktop\Empresariales\git\RentRooms\app\controllers\RoomController.scala' because it doesn't belong to a build target.
2020.05.07 14:22:58 WARN  code navigation does not work for the file 'C:\Users\nico9\Desktop\Empresariales\git\RentRooms\app\controllers\RoomController.scala' because it doesn't belong to a build target.
2020.05.07 14:22:59 WARN  code navigation does not work for the file 'C:\Users\nico9\Desktop\Empresariales\git\RentRooms\app\controllers\RoomController.scala' because it doesn't belong to a build target.
2020.05.07 14:22:59 WARN  code navigation does not work for the file 'C:\Users\nico9\Desktop\Empresariales\git\RentRooms\app\controllers\RoomController.scala' because it doesn't belong to a build target.
2020.05.07 14:22:59 WARN  code navigation does not work for the file 'C:\Users\nico9\Desktop\Empresariales\git\RentRooms\app\controllers\RoomController.scala' because it doesn't belong to a build target.
2020.05.07 14:22:59 WARN  no build target for: C:\Users\nico9\Desktop\Empresariales\git\RentRooms\app\controllers\RoomController.scala
2020.05.07 14:22:59 WARN  code navigation does not work for the file 'C:\Users\nico9\Desktop\Empresariales\git\RentRooms\app\controllers\RoomController.scala' because it doesn't belong to a build target.
2020.05.07 14:23:02 WARN  code navigation does not work for the file 'C:\Users\nico9\Desktop\Empresariales\git\RentRooms\app\controllers\RoomController.scala' because it doesn't belong to a build target.
2020.05.07 14:23:02 WARN  no build target for: C:\Users\nico9\Desktop\Empresariales\git\RentRooms\app\controllers\RoomController.scala
2020.05.07 14:23:02 WARN  code navigation does not work for the file 'C:\Users\nico9\Desktop\Empresariales\git\RentRooms\app\controllers\RoomController.scala' because it doesn't belong to a build target.
2020.05.07 14:23:02 WARN  code navigation does not work for the file 'C:\Users\nico9\Desktop\Empresariales\git\RentRooms\app\controllers\RoomController.scala' because it doesn't belong to a build target.
2020.05.07 14:23:04 WARN  code navigation does not work for the file 'C:\Users\nico9\Desktop\Empresariales\git\RentRooms\app\controllers\RoomController.scala' because it doesn't belong to a build target.
2020.05.07 14:23:33 WARN  code navigation does not work for the file 'C:\Users\nico9\Desktop\Empresariales\git\RentRooms\app\controllers\RoomController.scala' because it doesn't belong to a build target.
2020.05.07 14:23:33 WARN  code navigation does not work for the file 'C:\Users\nico9\Desktop\Empresariales\git\RentRooms\app\controllers\RoomController.scala' because it doesn't belong to a build target.
2020.05.07 14:23:35 WARN  code navigation does not work for the file 'C:\Users\nico9\Desktop\Empresariales\git\RentRooms\app\controllers\RoomController.scala' because it doesn't belong to a build target.
2020.05.07 14:23:35 WARN  code navigation does not work for the file 'C:\Users\nico9\Desktop\Empresariales\git\RentRooms\app\controllers\RoomController.scala' because it doesn't belong to a build target.
2020.05.07 14:23:35 WARN  code navigation does not work for the file 'C:\Users\nico9\Desktop\Empresariales\git\RentRooms\app\controllers\RoomController.scala' because it doesn't belong to a build target.
2020.05.07 14:23:35 WARN  code navigation does not work for the file 'C:\Users\nico9\Desktop\Empresariales\git\RentRooms\app\controllers\RoomController.scala' because it doesn't belong to a build target.
2020.05.07 14:23:35 WARN  no build target for: C:\Users\nico9\Desktop\Empresariales\git\RentRooms\app\controllers\RoomController.scala
2020.05.07 14:23:37 WARN  no build target for: C:\Users\nico9\Desktop\Empresariales\git\RentRooms\app\controllers\RoomController.scala
2020.05.07 14:24:16 WARN  no build target for: C:\Users\nico9\Desktop\Empresariales\git\RentRooms\app\controllers\RoomController.scala
2020.05.07 14:24:20 WARN  code navigation does not work for the file 'C:\Users\nico9\Desktop\Empresariales\git\RentRooms\app\controllers\RoomController.scala' because it doesn't belong to a build target.
2020.05.07 14:24:20 WARN  code navigation does not work for the file 'C:\Users\nico9\Desktop\Empresariales\git\RentRooms\app\controllers\RoomController.scala' because it doesn't belong to a build target.
2020.05.07 14:24:20 WARN  code navigation does not work for the file 'C:\Users\nico9\Desktop\Empresariales\git\RentRooms\app\controllers\RoomController.scala' because it doesn't belong to a build target.
2020.05.07 14:24:24 WARN  code navigation does not work for the file 'C:\Users\nico9\Desktop\Empresariales\git\RentRooms\app\controllers\RoomController.scala' because it doesn't belong to a build target.
2020.05.07 14:24:24 WARN  code navigation does not work for the file 'C:\Users\nico9\Desktop\Empresariales\git\RentRooms\app\controllers\RoomController.scala' because it doesn't belong to a build target.
2020.05.07 14:24:29 WARN  no build target for: C:\Users\nico9\Desktop\Empresariales\git\RentRooms\app\controllers\RoomController.scala
2020.05.07 14:24:41 WARN  no build target for: C:\Users\nico9\Desktop\Empresariales\git\RentRooms\app\controllers\RoomController.scala
2020.05.07 14:31:40 WARN  no build target for: C:\Users\nico9\Desktop\Empresariales\git\RentRooms\app\controllers\RoomController.scala
2020.05.07 14:31:47 WARN  no build target for: C:\Users\nico9\Desktop\Empresariales\git\RentRooms\app\controllers\RoomController.scala
2020.05.07 14:33:35 WARN  no build target for: C:\Users\nico9\Desktop\Empresariales\git\RentRooms\app\controllers\RoomController.scala
2020.05.07 14:33:41 WARN  no build target for: C:\Users\nico9\Desktop\Empresariales\git\RentRooms\app\controllers\RoomController.scala
2020.05.07 14:43:46 WARN  code navigation does not work for the file 'C:\Users\nico9\Desktop\Empresariales\git\RentRooms\app\controllers\RoomController.scala' because it doesn't belong to a build target.
2020.05.07 14:43:46 WARN  no build target for: C:\Users\nico9\Desktop\Empresariales\git\RentRooms\app\controllers\RoomController.scala
2020.05.07 14:43:54 WARN  code navigation does not work for the file 'C:\Users\nico9\Desktop\Empresariales\git\RentRooms\app\controllers\RoomController.scala' because it doesn't belong to a build target.
2020.05.07 14:43:55 WARN  no build target for: C:\Users\nico9\Desktop\Empresariales\git\RentRooms\app\controllers\RoomController.scala
2020.05.07 14:44:16 WARN  code navigation does not work for the file 'C:\Users\nico9\Desktop\Empresariales\git\RentRooms\app\controllers\RoomController.scala' because it doesn't belong to a build target.
2020.05.07 14:44:17 WARN  code navigation does not work for the file 'C:\Users\nico9\Desktop\Empresariales\git\RentRooms\app\controllers\RoomController.scala' because it doesn't belong to a build target.
2020.05.07 14:44:20 WARN  no build target for: C:\Users\nico9\Desktop\Empresariales\git\RentRooms\app\controllers\RoomController.scala
2020.05.07 14:44:24 WARN  no build target for: C:\Users\nico9\Desktop\Empresariales\git\RentRooms\app\controllers\RoomController.scala
2020.05.07 14:44:26 WARN  no build target for: C:\Users\nico9\Desktop\Empresariales\git\RentRooms\app\controllers\RoomController.scala
2020.05.07 14:44:47 WARN  code navigation does not work for the file 'C:\Users\nico9\Desktop\Empresariales\git\RentRooms\app\controllers\RoomController.scala' because it doesn't belong to a build target.
2020.05.07 14:44:49 WARN  code navigation does not work for the file 'C:\Users\nico9\Desktop\Empresariales\git\RentRooms\app\controllers\RoomController.scala' because it doesn't belong to a build target.
2020.05.07 14:44:58 WARN  no build target for: C:\Users\nico9\Desktop\Empresariales\git\RentRooms\app\controllers\RoomController.scala
2020.05.07 14:45:18 WARN  no build target for: C:\Users\nico9\Desktop\Empresariales\git\RentRooms\app\controllers\RoomController.scala
2020.05.07 14:45:29 WARN  no build target for: C:\Users\nico9\Desktop\Empresariales\git\RentRooms\app\controllers\RoomController.scala
2020.05.07 14:45:32 WARN  code navigation does not work for the file 'C:\Users\nico9\Desktop\Empresariales\git\RentRooms\app\controllers\RoomController.scala' because it doesn't belong to a build target.
2020.05.07 14:45:32 WARN  code navigation does not work for the file 'C:\Users\nico9\Desktop\Empresariales\git\RentRooms\app\controllers\RoomController.scala' because it doesn't belong to a build target.
2020.05.07 14:46:37 WARN  code navigation does not work for the file 'C:\Users\nico9\Desktop\Empresariales\git\RentRooms\app\controllers\RoomController.scala' because it doesn't belong to a build target.
2020.05.07 14:46:37 WARN  code navigation does not work for the file 'C:\Users\nico9\Desktop\Empresariales\git\RentRooms\app\controllers\RoomController.scala' because it doesn't belong to a build target.
2020.05.07 14:46:37 WARN  code navigation does not work for the file 'C:\Users\nico9\Desktop\Empresariales\git\RentRooms\app\controllers\RoomController.scala' because it doesn't belong to a build target.
2020.05.07 14:46:38 WARN  code navigation does not work for the file 'C:\Users\nico9\Desktop\Empresariales\git\RentRooms\app\controllers\RoomController.scala' because it doesn't belong to a build target.
2020.05.07 14:46:40 WARN  code navigation does not work for the file 'C:\Users\nico9\Desktop\Empresariales\git\RentRooms\app\controllers\RoomController.scala' because it doesn't belong to a build target.
2020.05.07 14:46:40 WARN  code navigation does not work for the file 'C:\Users\nico9\Desktop\Empresariales\git\RentRooms\app\controllers\RoomController.scala' because it doesn't belong to a build target.
2020.05.07 14:46:40 WARN  no build target for: C:\Users\nico9\Desktop\Empresariales\git\RentRooms\app\controllers\RoomController.scala
2020.05.07 14:46:40 WARN  code navigation does not work for the file 'C:\Users\nico9\Desktop\Empresariales\git\RentRooms\app\controllers\RoomController.scala' because it doesn't belong to a build target.
2020.05.07 14:46:49 WARN  no build target for: C:\Users\nico9\Desktop\Empresariales\git\RentRooms\app\controllers\RoomController.scala
2020.05.07 14:46:54 WARN  code navigation does not work for the file 'C:\Users\nico9\Desktop\Empresariales\git\RentRooms\app\controllers\RoomController.scala' because it doesn't belong to a build target.
2020.05.07 14:46:54 WARN  code navigation does not work for the file 'C:\Users\nico9\Desktop\Empresariales\git\RentRooms\app\controllers\RoomController.scala' because it doesn't belong to a build target.
2020.05.07 14:46:54 WARN  no build target for: C:\Users\nico9\Desktop\Empresariales\git\RentRooms\app\controllers\RoomController.scala
2020.05.07 14:46:54 WARN  code navigation does not work for the file 'C:\Users\nico9\Desktop\Empresariales\git\RentRooms\app\controllers\RoomController.scala' because it doesn't belong to a build target.
2020.05.07 14:47:31 WARN  code navigation does not work for the file 'C:\Users\nico9\Desktop\Empresariales\git\RentRooms\app\controllers\RoomController.scala' because it doesn't belong to a build target.
2020.05.07 14:47:31 WARN  code navigation does not work for the file 'C:\Users\nico9\Desktop\Empresariales\git\RentRooms\app\controllers\RoomController.scala' because it doesn't belong to a build target.
2020.05.07 14:47:34 WARN  code navigation does not work for the file 'C:\Users\nico9\Desktop\Empresariales\git\RentRooms\app\controllers\RoomController.scala' because it doesn't belong to a build target.
2020.05.07 14:47:38 WARN  code navigation does not work for the file 'C:\Users\nico9\Desktop\Empresariales\git\RentRooms\app\controllers\RoomController.scala' because it doesn't belong to a build target.
2020.05.07 14:47:53 WARN  code navigation does not work for the file 'C:\Users\nico9\Desktop\Empresariales\git\RentRooms\app\controllers\RoomController.scala' because it doesn't belong to a build target.
2020.05.07 14:47:53 WARN  no build target for: C:\Users\nico9\Desktop\Empresariales\git\RentRooms\app\controllers\RoomController.scala
2020.05.07 14:47:53 WARN  code navigation does not work for the file 'C:\Users\nico9\Desktop\Empresariales\git\RentRooms\app\controllers\RoomController.scala' because it doesn't belong to a build target.
2020.05.07 14:48:01 WARN  code navigation does not work for the file 'C:\Users\nico9\Desktop\Empresariales\git\RentRooms\app\controllers\RoomController.scala' because it doesn't belong to a build target.
2020.05.07 14:48:01 WARN  no build target for: C:\Users\nico9\Desktop\Empresariales\git\RentRooms\app\controllers\RoomController.scala
2020.05.07 14:50:33 WARN  code navigation does not work for the file 'C:\Users\nico9\Desktop\Empresariales\git\RentRooms\app\controllers\RoomController.scala' because it doesn't belong to a build target.
2020.05.07 14:50:33 WARN  no build target for: C:\Users\nico9\Desktop\Empresariales\git\RentRooms\app\controllers\RoomController.scala
2020.05.07 14:50:39 WARN  code navigation does not work for the file 'C:\Users\nico9\Desktop\Empresariales\git\RentRooms\app\controllers\RoomController.scala' because it doesn't belong to a build target.
2020.05.07 14:50:45 WARN  code navigation does not work for the file 'C:\Users\nico9\Desktop\Empresariales\git\RentRooms\app\controllers\RoomController.scala' because it doesn't belong to a build target.
2020.05.07 14:50:45 WARN  code navigation does not work for the file 'C:\Users\nico9\Desktop\Empresariales\git\RentRooms\app\controllers\RoomController.scala' because it doesn't belong to a build target.
2020.05.07 14:50:45 WARN  code navigation does not work for the file 'C:\Users\nico9\Desktop\Empresariales\git\RentRooms\app\controllers\RoomController.scala' because it doesn't belong to a build target.
2020.05.07 14:50:46 WARN  code navigation does not work for the file 'C:\Users\nico9\Desktop\Empresariales\git\RentRooms\app\controllers\RoomController.scala' because it doesn't belong to a build target.
2020.05.07 14:50:46 WARN  no build target for: C:\Users\nico9\Desktop\Empresariales\git\RentRooms\app\controllers\RoomController.scala
2020.05.07 14:50:48 WARN  code navigation does not work for the file 'C:\Users\nico9\Desktop\Empresariales\git\RentRooms\app\controllers\RoomController.scala' because it doesn't belong to a build target.
2020.05.07 14:50:48 WARN  no build target for: C:\Users\nico9\Desktop\Empresariales\git\RentRooms\app\controllers\RoomController.scala
2020.05.07 14:50:48 WARN  code navigation does not work for the file 'C:\Users\nico9\Desktop\Empresariales\git\RentRooms\app\controllers\RoomController.scala' because it doesn't belong to a build target.
2020.05.07 14:50:48 WARN  code navigation does not work for the file 'C:\Users\nico9\Desktop\Empresariales\git\RentRooms\app\controllers\RoomController.scala' because it doesn't belong to a build target.
2020.05.07 14:50:59 WARN  no build target for: C:\Users\nico9\Desktop\Empresariales\git\RentRooms\app\controllers\RoomController.scala
2020.05.07 14:51:16 WARN  no build target for: C:\Users\nico9\Desktop\Empresariales\git\RentRooms\app\controllers\RoomController.scala
2020.05.07 14:51:18 WARN  code navigation does not work for the file 'C:\Users\nico9\Desktop\Empresariales\git\RentRooms\app\controllers\RoomController.scala' because it doesn't belong to a build target.
2020.05.07 14:51:18 WARN  code navigation does not work for the file 'C:\Users\nico9\Desktop\Empresariales\git\RentRooms\app\controllers\RoomController.scala' because it doesn't belong to a build target.
2020.05.07 14:51:18 WARN  code navigation does not work for the file 'C:\Users\nico9\Desktop\Empresariales\git\RentRooms\app\controllers\RoomController.scala' because it doesn't belong to a build target.
2020.05.07 14:51:18 WARN  code navigation does not work for the file 'C:\Users\nico9\Desktop\Empresariales\git\RentRooms\app\controllers\RoomController.scala' because it doesn't belong to a build target.
2020.05.07 14:51:20 WARN  code navigation does not work for the file 'C:\Users\nico9\Desktop\Empresariales\git\RentRooms\app\controllers\RoomController.scala' because it doesn't belong to a build target.
2020.05.07 14:51:20 WARN  code navigation does not work for the file 'C:\Users\nico9\Desktop\Empresariales\git\RentRooms\app\controllers\RoomController.scala' because it doesn't belong to a build target.
2020.05.07 14:51:23 WARN  no build target for: C:\Users\nico9\Desktop\Empresariales\git\RentRooms\app\controllers\RoomController.scala
2020.05.07 14:51:25 WARN  code navigation does not work for the file 'C:\Users\nico9\Desktop\Empresariales\git\RentRooms\app\controllers\RoomController.scala' because it doesn't belong to a build target.
2020.05.07 14:51:25 WARN  no build target for: C:\Users\nico9\Desktop\Empresariales\git\RentRooms\app\controllers\RoomController.scala
2020.05.07 14:51:36 WARN  no build target for: C:\Users\nico9\Desktop\Empresariales\git\RentRooms\app\controllers\RoomController.scala
2020.05.07 14:52:12 WARN  no build target for: C:\Users\nico9\Desktop\Empresariales\git\RentRooms\app\controllers\RoomController.scala
2020.05.07 14:52:37 WARN  no build target for: C:\Users\nico9\Desktop\Empresariales\git\RentRooms\app\controllers\RoomController.scala
2020.05.07 14:53:08 WARN  no build target for: C:\Users\nico9\Desktop\Empresariales\git\RentRooms\app\controllers\RoomController.scala
2020.05.07 14:53:52 WARN  code navigation does not work for the file 'C:\Users\nico9\Desktop\Empresariales\git\RentRooms\app\controllers\RoomController.scala' because it doesn't belong to a build target.
2020.05.07 14:53:52 WARN  code navigation does not work for the file 'C:\Users\nico9\Desktop\Empresariales\git\RentRooms\app\controllers\RoomController.scala' because it doesn't belong to a build target.
2020.05.07 14:53:52 WARN  no build target for: C:\Users\nico9\Desktop\Empresariales\git\RentRooms\app\controllers\RoomController.scala
2020.05.07 14:53:56 WARN  code navigation does not work for the file 'C:\Users\nico9\Desktop\Empresariales\git\RentRooms\app\controllers\RoomController.scala' because it doesn't belong to a build target.
2020.05.07 14:53:56 WARN  no build target for: C:\Users\nico9\Desktop\Empresariales\git\RentRooms\app\controllers\RoomController.scala
2020.05.07 14:53:56 WARN  code navigation does not work for the file 'C:\Users\nico9\Desktop\Empresariales\git\RentRooms\app\controllers\RoomController.scala' because it doesn't belong to a build target.
2020.05.07 14:53:56 WARN  code navigation does not work for the file 'C:\Users\nico9\Desktop\Empresariales\git\RentRooms\app\controllers\RoomController.scala' because it doesn't belong to a build target.
2020.05.07 14:54:01 WARN  code navigation does not work for the file 'C:\Users\nico9\Desktop\Empresariales\git\RentRooms\app\controllers\RoomController.scala' because it doesn't belong to a build target.
2020.05.07 14:54:01 WARN  code navigation does not work for the file 'C:\Users\nico9\Desktop\Empresariales\git\RentRooms\app\controllers\RoomController.scala' because it doesn't belong to a build target.
2020.05.07 14:54:01 WARN  code navigation does not work for the file 'C:\Users\nico9\Desktop\Empresariales\git\RentRooms\app\controllers\RoomController.scala' because it doesn't belong to a build target.
2020.05.07 14:54:01 WARN  no build target for: C:\Users\nico9\Desktop\Empresariales\git\RentRooms\app\controllers\RoomController.scala
2020.05.07 14:54:03 WARN  code navigation does not work for the file 'C:\Users\nico9\Desktop\Empresariales\git\RentRooms\app\controllers\RoomController.scala' because it doesn't belong to a build target.
2020.05.07 14:54:03 WARN  code navigation does not work for the file 'C:\Users\nico9\Desktop\Empresariales\git\RentRooms\app\controllers\RoomController.scala' because it doesn't belong to a build target.
2020.05.07 14:54:03 WARN  no build target for: C:\Users\nico9\Desktop\Empresariales\git\RentRooms\app\controllers\RoomController.scala
2020.05.07 14:54:35 WARN  code navigation does not work for the file 'C:\Users\nico9\Desktop\Empresariales\git\RentRooms\app\controllers\RoomController.scala' because it doesn't belong to a build target.
2020.05.07 14:54:35 WARN  code navigation does not work for the file 'C:\Users\nico9\Desktop\Empresariales\git\RentRooms\app\controllers\RoomController.scala' because it doesn't belong to a build target.
2020.05.07 14:54:35 WARN  no build target for: C:\Users\nico9\Desktop\Empresariales\git\RentRooms\app\controllers\RoomController.scala
2020.05.07 14:54:35 WARN  code navigation does not work for the file 'C:\Users\nico9\Desktop\Empresariales\git\RentRooms\app\controllers\RoomController.scala' because it doesn't belong to a build target.
2020.05.07 14:54:41 WARN  no build target for: C:\Users\nico9\Desktop\Empresariales\git\RentRooms\app\controllers\RoomController.scala
2020.05.07 14:54:44 WARN  no build target for: C:\Users\nico9\Desktop\Empresariales\git\RentRooms\app\controllers\RoomController.scala
2020.05.07 14:54:49 WARN  no build target for: C:\Users\nico9\Desktop\Empresariales\git\RentRooms\app\controllers\RoomController.scala
2020.05.07 14:55:06 WARN  code navigation does not work for the file 'C:\Users\nico9\Desktop\Empresariales\git\RentRooms\app\controllers\RoomController.scala' because it doesn't belong to a build target.
2020.05.07 14:55:06 WARN  no build target for: C:\Users\nico9\Desktop\Empresariales\git\RentRooms\app\controllers\RoomController.scala
2020.05.07 14:55:11 WARN  no build target for: C:\Users\nico9\Desktop\Empresariales\git\RentRooms\app\controllers\RoomController.scala
2020.05.07 14:55:11 WARN  no build target for: C:\Users\nico9\Desktop\Empresariales\git\RentRooms\app\controllers\RoomController.scala
2020.05.07 14:55:18 WARN  no build target for: C:\Users\nico9\Desktop\Empresariales\git\RentRooms\app\controllers\RoomController.scala
2020.05.07 14:55:28 WARN  no build target for: C:\Users\nico9\Desktop\Empresariales\git\RentRooms\app\controllers\RoomController.scala
2020.05.07 14:56:14 WARN  code navigation does not work for the file 'C:\Users\nico9\Desktop\Empresariales\git\RentRooms\app\controllers\RoomController.scala' because it doesn't belong to a build target.
2020.05.07 14:56:14 WARN  code navigation does not work for the file 'C:\Users\nico9\Desktop\Empresariales\git\RentRooms\app\controllers\RoomController.scala' because it doesn't belong to a build target.
2020.05.07 14:56:14 WARN  no build target for: C:\Users\nico9\Desktop\Empresariales\git\RentRooms\app\controllers\RoomController.scala
2020.05.07 14:56:18 WARN  code navigation does not work for the file 'C:\Users\nico9\Desktop\Empresariales\git\RentRooms\app\controllers\RoomController.scala' because it doesn't belong to a build target.
2020.05.07 14:56:18 WARN  no build target for: C:\Users\nico9\Desktop\Empresariales\git\RentRooms\app\controllers\RoomController.scala
2020.05.07 14:57:13 WARN  no build target for: C:\Users\nico9\Desktop\Empresariales\git\RentRooms\app\controllers\RoomController.scala
2020.05.07 14:57:16 WARN  no build target for: C:\Users\nico9\Desktop\Empresariales\git\RentRooms\app\controllers\RoomController.scala
2020.05.07 14:57:48 WARN  no build target for: C:\Users\nico9\Desktop\Empresariales\git\RentRooms\app\controllers\RoomController.scala
2020.05.07 14:57:49 WARN  no build target for: C:\Users\nico9\Desktop\Empresariales\git\RentRooms\app\controllers\RoomController.scala
2020.05.07 14:57:52 WARN  no build target for: C:\Users\nico9\Desktop\Empresariales\git\RentRooms\app\controllers\RoomController.scala
2020.05.07 14:58:35 WARN  no build target for: C:\Users\nico9\Desktop\Empresariales\git\RentRooms\app\controllers\RoomController.scala
2020.05.07 14:58:37 WARN  code navigation does not work for the file 'C:\Users\nico9\Desktop\Empresariales\git\RentRooms\app\controllers\RoomController.scala' because it doesn't belong to a build target.
2020.05.07 14:58:37 WARN  code navigation does not work for the file 'C:\Users\nico9\Desktop\Empresariales\git\RentRooms\app\controllers\RoomController.scala' because it doesn't belong to a build target.
2020.05.07 14:58:39 WARN  no build target for: C:\Users\nico9\Desktop\Empresariales\git\RentRooms\app\controllers\RoomController.scala
2020.05.07 14:58:44 WARN  no build target for: C:\Users\nico9\Desktop\Empresariales\git\RentRooms\app\controllers\RoomController.scala
2020.05.07 15:02:16 WARN  no build target for: C:\Users\nico9\Desktop\Empresariales\git\RentRooms\app\controllers\RoomController.scala
2020.05.07 15:02:18 WARN  code navigation does not work for the file 'C:\Users\nico9\Desktop\Empresariales\git\RentRooms\app\controllers\RoomController.scala' because it doesn't belong to a build target.
2020.05.07 15:02:18 WARN  no build target for: C:\Users\nico9\Desktop\Empresariales\git\RentRooms\app\controllers\RoomController.scala
2020.05.07 15:12:34 WARN  no build target for: C:\Users\nico9\Desktop\Empresariales\git\RentRooms\app\controllers\RoomController.scala
2020.05.07 15:13:27 WARN  code navigation does not work for the file 'C:\Users\nico9\Desktop\Empresariales\git\RentRooms\app\controllers\RoomController.scala' because it doesn't belong to a build target.
2020.05.07 15:13:27 WARN  code navigation does not work for the file 'C:\Users\nico9\Desktop\Empresariales\git\RentRooms\app\controllers\RoomController.scala' because it doesn't belong to a build target.
2020.05.07 15:13:39 WARN  code navigation does not work for the file 'C:\Users\nico9\Desktop\Empresariales\git\RentRooms\app\controllers\RoomController.scala' because it doesn't belong to a build target.
2020.05.07 15:13:44 WARN  no build target for: C:\Users\nico9\Desktop\Empresariales\git\RentRooms\app\controllers\RoomController.scala
2020.05.07 15:14:34 WARN  code navigation does not work for the file 'C:\Users\nico9\Desktop\Empresariales\git\RentRooms\app\controllers\RoomController.scala' because it doesn't belong to a build target.
2020.05.07 15:14:36 WARN  code navigation does not work for the file 'C:\Users\nico9\Desktop\Empresariales\git\RentRooms\app\controllers\RoomController.scala' because it doesn't belong to a build target.
2020.05.07 15:14:36 WARN  code navigation does not work for the file 'C:\Users\nico9\Desktop\Empresariales\git\RentRooms\app\controllers\RoomController.scala' because it doesn't belong to a build target.
2020.05.07 15:14:39 WARN  code navigation does not work for the file 'C:\Users\nico9\Desktop\Empresariales\git\RentRooms\app\controllers\RoomController.scala' because it doesn't belong to a build target.
2020.05.07 15:14:39 WARN  no build target for: C:\Users\nico9\Desktop\Empresariales\git\RentRooms\app\controllers\RoomController.scala
2020.05.07 15:14:44 WARN  code navigation does not work for the file 'C:\Users\nico9\Desktop\Empresariales\git\RentRooms\app\controllers\RoomController.scala' because it doesn't belong to a build target.
2020.05.07 15:14:44 WARN  no build target for: C:\Users\nico9\Desktop\Empresariales\git\RentRooms\app\controllers\RoomController.scala
2020.05.07 15:14:44 WARN  code navigation does not work for the file 'C:\Users\nico9\Desktop\Empresariales\git\RentRooms\app\controllers\RoomController.scala' because it doesn't belong to a build target.
2020.05.07 15:14:46 WARN  code navigation does not work for the file 'C:\Users\nico9\Desktop\Empresariales\git\RentRooms\app\controllers\RoomController.scala' because it doesn't belong to a build target.
2020.05.07 15:14:46 WARN  no build target for: C:\Users\nico9\Desktop\Empresariales\git\RentRooms\app\controllers\RoomController.scala
2020.05.07 15:15:17 WARN  no build target for: C:\Users\nico9\Desktop\Empresariales\git\RentRooms\app\controllers\RoomController.scala
2020.05.07 15:16:17 WARN  code navigation does not work for the file 'C:\Users\nico9\Desktop\Empresariales\git\RentRooms\app\controllers\RoomController.scala' because it doesn't belong to a build target.
2020.05.07 15:16:17 WARN  code navigation does not work for the file 'C:\Users\nico9\Desktop\Empresariales\git\RentRooms\app\controllers\RoomController.scala' because it doesn't belong to a build target.
2020.05.07 15:16:17 WARN  no build target for: C:\Users\nico9\Desktop\Empresariales\git\RentRooms\app\controllers\RoomController.scala
2020.05.07 15:16:17 WARN  code navigation does not work for the file 'C:\Users\nico9\Desktop\Empresariales\git\RentRooms\app\controllers\RoomController.scala' because it doesn't belong to a build target.
2020.05.07 15:16:31 WARN  code navigation does not work for the file 'C:\Users\nico9\Desktop\Empresariales\git\RentRooms\app\controllers\RoomController.scala' because it doesn't belong to a build target.
2020.05.07 15:16:31 WARN  no build target for: C:\Users\nico9\Desktop\Empresariales\git\RentRooms\app\controllers\RoomController.scala
2020.05.07 15:16:38 WARN  no build target for: C:\Users\nico9\Desktop\Empresariales\git\RentRooms\app\controllers\RoomController.scala
2020.05.07 15:16:47 WARN  code navigation does not work for the file 'C:\Users\nico9\Desktop\Empresariales\git\RentRooms\app\controllers\RoomController.scala' because it doesn't belong to a build target.
2020.05.07 15:16:47 WARN  no build target for: C:\Users\nico9\Desktop\Empresariales\git\RentRooms\app\controllers\RoomController.scala
2020.05.07 15:16:47 WARN  code navigation does not work for the file 'C:\Users\nico9\Desktop\Empresariales\git\RentRooms\app\controllers\RoomController.scala' because it doesn't belong to a build target.
2020.05.07 15:16:47 WARN  code navigation does not work for the file 'C:\Users\nico9\Desktop\Empresariales\git\RentRooms\app\controllers\RoomController.scala' because it doesn't belong to a build target.
2020.05.07 15:16:51 WARN  code navigation does not work for the file 'C:\Users\nico9\Desktop\Empresariales\git\RentRooms\app\controllers\RoomController.scala' because it doesn't belong to a build target.
2020.05.07 15:16:51 WARN  no build target for: C:\Users\nico9\Desktop\Empresariales\git\RentRooms\app\controllers\RoomController.scala
2020.05.07 15:17:10 WARN  no build target for: C:\Users\nico9\Desktop\Empresariales\git\RentRooms\app\controllers\RoomController.scala
2020.05.07 15:17:16 WARN  no build target for: C:\Users\nico9\Desktop\Empresariales\git\RentRooms\app\controllers\RoomController.scala
2020.05.07 15:17:31 WARN  code navigation does not work for the file 'C:\Users\nico9\Desktop\Empresariales\git\RentRooms\app\controllers\RoomController.scala' because it doesn't belong to a build target.
2020.05.07 15:17:31 WARN  code navigation does not work for the file 'C:\Users\nico9\Desktop\Empresariales\git\RentRooms\app\controllers\RoomController.scala' because it doesn't belong to a build target.
2020.05.07 15:17:38 WARN  code navigation does not work for the file 'C:\Users\nico9\Desktop\Empresariales\git\RentRooms\app\controllers\RoomController.scala' because it doesn't belong to a build target.
2020.05.07 15:17:38 WARN  no build target for: C:\Users\nico9\Desktop\Empresariales\git\RentRooms\app\controllers\RoomController.scala
2020.05.07 15:17:43 WARN  code navigation does not work for the file 'C:\Users\nico9\Desktop\Empresariales\git\RentRooms\app\controllers\RoomController.scala' because it doesn't belong to a build target.
2020.05.07 15:17:43 WARN  code navigation does not work for the file 'C:\Users\nico9\Desktop\Empresariales\git\RentRooms\app\controllers\RoomController.scala' because it doesn't belong to a build target.
2020.05.07 15:17:43 WARN  no build target for: C:\Users\nico9\Desktop\Empresariales\git\RentRooms\app\controllers\RoomController.scala
2020.05.07 15:17:43 WARN  code navigation does not work for the file 'C:\Users\nico9\Desktop\Empresariales\git\RentRooms\app\controllers\RoomController.scala' because it doesn't belong to a build target.
2020.05.07 15:17:47 WARN  no build target for: C:\Users\nico9\Desktop\Empresariales\git\RentRooms\app\controllers\RoomController.scala
2020.05.07 15:17:47 WARN  code navigation does not work for the file 'C:\Users\nico9\Desktop\Empresariales\git\RentRooms\app\controllers\RoomController.scala' because it doesn't belong to a build target.
2020.05.07 15:17:48 WARN  code navigation does not work for the file 'C:\Users\nico9\Desktop\Empresariales\git\RentRooms\app\controllers\RoomController.scala' because it doesn't belong to a build target.
2020.05.07 15:17:48 WARN  no build target for: C:\Users\nico9\Desktop\Empresariales\git\RentRooms\app\controllers\RoomController.scala
2020.05.07 15:17:48 WARN  code navigation does not work for the file 'C:\Users\nico9\Desktop\Empresariales\git\RentRooms\app\controllers\RoomController.scala' because it doesn't belong to a build target.
2020.05.07 15:17:51 WARN  no build target for: C:\Users\nico9\Desktop\Empresariales\git\RentRooms\app\controllers\RoomController.scala
2020.05.07 15:17:52 WARN  no build target for: C:\Users\nico9\Desktop\Empresariales\git\RentRooms\app\controllers\RoomController.scala
2020.05.07 15:18:04 WARN  no build target for: C:\Users\nico9\Desktop\Empresariales\git\RentRooms\app\controllers\RoomController.scala
2020.05.07 15:18:14 WARN  code navigation does not work for the file 'C:\Users\nico9\Desktop\Empresariales\git\RentRooms\app\controllers\RoomController.scala' because it doesn't belong to a build target.
2020.05.07 15:18:14 WARN  code navigation does not work for the file 'C:\Users\nico9\Desktop\Empresariales\git\RentRooms\app\controllers\RoomController.scala' because it doesn't belong to a build target.
2020.05.07 15:18:14 WARN  code navigation does not work for the file 'C:\Users\nico9\Desktop\Empresariales\git\RentRooms\app\controllers\RoomController.scala' because it doesn't belong to a build target.
2020.05.07 15:18:14 WARN  no build target for: C:\Users\nico9\Desktop\Empresariales\git\RentRooms\app\controllers\RoomController.scala
2020.05.07 15:18:16 WARN  no build target for: C:\Users\nico9\Desktop\Empresariales\git\RentRooms\app\controllers\RoomController.scala
2020.05.07 15:18:31 WARN  no build target for: C:\Users\nico9\Desktop\Empresariales\git\RentRooms\app\controllers\RoomController.scala
2020.05.07 15:18:35 WARN  no build target for: C:\Users\nico9\Desktop\Empresariales\git\RentRooms\app\controllers\RoomController.scala
2020.05.07 15:18:38 WARN  no build target for: C:\Users\nico9\Desktop\Empresariales\git\RentRooms\app\controllers\RoomController.scala
2020.05.07 15:18:40 WARN  no build target for: C:\Users\nico9\Desktop\Empresariales\git\RentRooms\app\controllers\RoomController.scala
2020.05.07 15:18:42 WARN  code navigation does not work for the file 'C:\Users\nico9\Desktop\Empresariales\git\RentRooms\app\controllers\RoomController.scala' because it doesn't belong to a build target.
2020.05.07 15:18:42 WARN  no build target for: C:\Users\nico9\Desktop\Empresariales\git\RentRooms\app\controllers\RoomController.scala
2020.05.07 15:18:44 WARN  code navigation does not work for the file 'C:\Users\nico9\Desktop\Empresariales\git\RentRooms\app\controllers\RoomController.scala' because it doesn't belong to a build target.
2020.05.07 15:18:44 WARN  no build target for: C:\Users\nico9\Desktop\Empresariales\git\RentRooms\app\controllers\RoomController.scala
2020.05.07 15:18:46 WARN  code navigation does not work for the file 'C:\Users\nico9\Desktop\Empresariales\git\RentRooms\app\controllers\RoomController.scala' because it doesn't belong to a build target.
2020.05.07 15:18:46 WARN  no build target for: C:\Users\nico9\Desktop\Empresariales\git\RentRooms\app\controllers\RoomController.scala
2020.05.07 15:20:27 WARN  code navigation does not work for the file 'C:\Users\nico9\Desktop\Empresariales\git\RentRooms\app\controllers\RoomController.scala' because it doesn't belong to a build target.
2020.05.07 15:20:27 WARN  code navigation does not work for the file 'C:\Users\nico9\Desktop\Empresariales\git\RentRooms\app\controllers\RoomController.scala' because it doesn't belong to a build target.
2020.05.07 15:20:27 WARN  no build target for: C:\Users\nico9\Desktop\Empresariales\git\RentRooms\app\controllers\RoomController.scala
2020.05.07 15:20:27 WARN  code navigation does not work for the file 'C:\Users\nico9\Desktop\Empresariales\git\RentRooms\app\controllers\RoomController.scala' because it doesn't belong to a build target.
2020.05.07 15:20:29 WARN  code navigation does not work for the file 'C:\Users\nico9\Desktop\Empresariales\git\RentRooms\app\controllers\RoomController.scala' because it doesn't belong to a build target.
2020.05.07 15:20:29 WARN  no build target for: C:\Users\nico9\Desktop\Empresariales\git\RentRooms\app\controllers\RoomController.scala
2020.05.07 15:20:32 WARN  code navigation does not work for the file 'C:\Users\nico9\Desktop\Empresariales\git\RentRooms\app\controllers\RoomController.scala' because it doesn't belong to a build target.
2020.05.07 15:20:32 WARN  no build target for: C:\Users\nico9\Desktop\Empresariales\git\RentRooms\app\controllers\RoomController.scala
2020.05.07 15:20:37 WARN  code navigation does not work for the file 'C:\Users\nico9\Desktop\Empresariales\git\RentRooms\app\controllers\RoomController.scala' because it doesn't belong to a build target.
2020.05.07 15:20:37 WARN  no build target for: C:\Users\nico9\Desktop\Empresariales\git\RentRooms\app\controllers\RoomController.scala
2020.05.07 15:20:39 WARN  no build target for: C:\Users\nico9\Desktop\Empresariales\git\RentRooms\app\controllers\RoomController.scala
2020.05.07 15:20:41 WARN  no build target for: C:\Users\nico9\Desktop\Empresariales\git\RentRooms\app\controllers\RoomController.scala
2020.05.07 15:20:46 WARN  no build target for: C:\Users\nico9\Desktop\Empresariales\git\RentRooms\app\controllers\RoomController.scala
2020.05.07 15:20:47 WARN  no build target for: C:\Users\nico9\Desktop\Empresariales\git\RentRooms\app\controllers\RoomController.scala
2020.05.07 15:21:11 WARN  no build target for: C:\Users\nico9\Desktop\Empresariales\git\RentRooms\app\controllers\RoomController.scala
2020.05.07 15:21:42 WARN  code navigation does not work for the file 'C:\Users\nico9\Desktop\Empresariales\git\RentRooms\app\controllers\RoomController.scala' because it doesn't belong to a build target.
2020.05.07 15:21:42 WARN  no build target for: C:\Users\nico9\Desktop\Empresariales\git\RentRooms\app\controllers\RoomController.scala
2020.05.07 15:21:42 WARN  code navigation does not work for the file 'C:\Users\nico9\Desktop\Empresariales\git\RentRooms\app\controllers\RoomController.scala' because it doesn't belong to a build target.
2020.05.07 15:21:47 WARN  no build target for: C:\Users\nico9\Desktop\Empresariales\git\RentRooms\app\controllers\RoomController.scala
2020.05.07 15:21:50 WARN  no build target for: C:\Users\nico9\Desktop\Empresariales\git\RentRooms\app\controllers\RoomController.scala
2020.05.07 15:21:58 WARN  no build target for: C:\Users\nico9\Desktop\Empresariales\git\RentRooms\app\controllers\RoomController.scala
2020.05.07 15:21:59 WARN  code navigation does not work for the file 'C:\Users\nico9\Desktop\Empresariales\git\RentRooms\app\controllers\RoomController.scala' because it doesn't belong to a build target.
2020.05.07 15:21:59 WARN  no build target for: C:\Users\nico9\Desktop\Empresariales\git\RentRooms\app\controllers\RoomController.scala
2020.05.07 15:22:02 WARN  no build target for: C:\Users\nico9\Desktop\Empresariales\git\RentRooms\app\controllers\RoomController.scala
2020.05.07 15:22:26 WARN  no build target for: C:\Users\nico9\Desktop\Empresariales\git\RentRooms\app\controllers\RoomController.scala
2020.05.07 15:22:28 WARN  no build target for: C:\Users\nico9\Desktop\Empresariales\git\RentRooms\app\controllers\RoomController.scala
2020.05.07 15:24:27 WARN  no build target for: C:\Users\nico9\Desktop\Empresariales\git\RentRooms\app\controllers\RoomController.scala
2020.05.07 15:24:49 WARN  code navigation does not work for the file 'C:\Users\nico9\Desktop\Empresariales\git\RentRooms\app\controllers\RoomController.scala' because it doesn't belong to a build target.
2020.05.07 15:24:49 WARN  no build target for: C:\Users\nico9\Desktop\Empresariales\git\RentRooms\app\controllers\RoomController.scala
2020.05.07 15:25:01 WARN  no build target for: C:\Users\nico9\Desktop\Empresariales\git\RentRooms\app\controllers\RoomController.scala
2020.05.07 15:25:12 WARN  code navigation does not work for the file 'C:\Users\nico9\Desktop\Empresariales\git\RentRooms\app\controllers\RoomController.scala' because it doesn't belong to a build target.
2020.05.07 15:25:12 WARN  no build target for: C:\Users\nico9\Desktop\Empresariales\git\RentRooms\app\controllers\RoomController.scala
2020.05.07 15:25:12 WARN  code navigation does not work for the file 'C:\Users\nico9\Desktop\Empresariales\git\RentRooms\app\controllers\RoomController.scala' because it doesn't belong to a build target.
2020.05.07 15:25:15 WARN  no build target for: C:\Users\nico9\Desktop\Empresariales\git\RentRooms\app\controllers\RoomController.scala
2020.05.07 15:25:17 WARN  no build target for: C:\Users\nico9\Desktop\Empresariales\git\RentRooms\app\controllers\RoomController.scala
2020.05.07 15:25:47 WARN  no build target for: C:\Users\nico9\Desktop\Empresariales\git\RentRooms\app\controllers\RoomController.scala
2020.05.07 15:26:06 WARN  no build target for: C:\Users\nico9\Desktop\Empresariales\git\RentRooms\app\controllers\RoomController.scala
2020.05.07 15:27:13 WARN  code navigation does not work for the file 'C:\Users\nico9\Desktop\Empresariales\git\RentRooms\app\controllers\RoomController.scala' because it doesn't belong to a build target.
2020.05.07 15:27:33 WARN  code navigation does not work for the file 'C:\Users\nico9\Desktop\Empresariales\git\RentRooms\app\controllers\RoomController.scala' because it doesn't belong to a build target.
2020.05.07 15:27:33 WARN  no build target for: C:\Users\nico9\Desktop\Empresariales\git\RentRooms\app\controllers\RoomController.scala
2020.05.07 15:27:56 WARN  no build target for: C:\Users\nico9\Desktop\Empresariales\git\RentRooms\app\controllers\RoomController.scala
2020.05.07 15:28:54 WARN  no build target for: C:\Users\nico9\Desktop\Empresariales\git\RentRooms\app\controllers\RoomController.scala
2020.05.07 15:29:43 WARN  no build target for: C:\Users\nico9\Desktop\Empresariales\git\RentRooms\app\controllers\RoomController.scala
2020.05.07 15:30:49 WARN  no build target for: C:\Users\nico9\Desktop\Empresariales\git\RentRooms\app\controllers\RoomController.scala
2020.05.07 15:31:00 WARN  no build target for: C:\Users\nico9\Desktop\Empresariales\git\RentRooms\app\controllers\RoomController.scala
2020.05.07 15:31:11 WARN  no build target for: C:\Users\nico9\Desktop\Empresariales\git\RentRooms\app\controllers\RoomController.scala
2020.05.07 15:32:14 WARN  code navigation does not work for the file 'C:\Users\nico9\Desktop\Empresariales\git\RentRooms\app\controllers\RoomController.scala' because it doesn't belong to a build target.
2020.05.07 15:32:14 WARN  code navigation does not work for the file 'C:\Users\nico9\Desktop\Empresariales\git\RentRooms\app\controllers\RoomController.scala' because it doesn't belong to a build target.
2020.05.07 15:32:14 WARN  code navigation does not work for the file 'C:\Users\nico9\Desktop\Empresariales\git\RentRooms\app\controllers\RoomController.scala' because it doesn't belong to a build target.
2020.05.07 15:32:21 WARN  no build target for: C:\Users\nico9\Desktop\Empresariales\git\RentRooms\app\controllers\RoomController.scala
2020.05.07 15:32:21 WARN  code navigation does not work for the file 'C:\Users\nico9\Desktop\Empresariales\git\RentRooms\app\controllers\RoomController.scala' because it doesn't belong to a build target.
2020.05.07 15:32:26 WARN  no build target for: C:\Users\nico9\Desktop\Empresariales\git\RentRooms\app\controllers\RoomController.scala
2020.05.07 15:32:26 WARN  code navigation does not work for the file 'C:\Users\nico9\Desktop\Empresariales\git\RentRooms\app\controllers\RoomController.scala' because it doesn't belong to a build target.
2020.05.07 15:35:20 WARN  no build target for: C:\Users\nico9\Desktop\Empresariales\git\RentRooms\app\controllers\RoomController.scala
2020.05.07 15:35:22 WARN  no build target for: C:\Users\nico9\Desktop\Empresariales\git\RentRooms\app\controllers\RoomController.scala
2020.05.07 15:35:24 WARN  code navigation does not work for the file 'C:\Users\nico9\Desktop\Empresariales\git\RentRooms\app\controllers\RoomController.scala' because it doesn't belong to a build target.
2020.05.07 15:35:24 WARN  code navigation does not work for the file 'C:\Users\nico9\Desktop\Empresariales\git\RentRooms\app\controllers\RoomController.scala' because it doesn't belong to a build target.
2020.05.07 15:35:24 WARN  code navigation does not work for the file 'C:\Users\nico9\Desktop\Empresariales\git\RentRooms\app\controllers\RoomController.scala' because it doesn't belong to a build target.
2020.05.07 15:35:24 WARN  code navigation does not work for the file 'C:\Users\nico9\Desktop\Empresariales\git\RentRooms\app\controllers\RoomController.scala' because it doesn't belong to a build target.
2020.05.07 15:35:38 WARN  code navigation does not work for the file 'C:\Users\nico9\Desktop\Empresariales\git\RentRooms\app\controllers\RoomController.scala' because it doesn't belong to a build target.
2020.05.07 15:35:38 WARN  no build target for: C:\Users\nico9\Desktop\Empresariales\git\RentRooms\app\controllers\RoomController.scala
2020.05.07 15:35:38 WARN  code navigation does not work for the file 'C:\Users\nico9\Desktop\Empresariales\git\RentRooms\app\controllers\RoomController.scala' because it doesn't belong to a build target.
2020.05.07 15:35:57 WARN  no build target for: C:\Users\nico9\Desktop\Empresariales\git\RentRooms\app\controllers\RoomController.scala
2020.05.07 15:36:59 WARN  code navigation does not work for the file 'C:\Users\nico9\Desktop\Empresariales\git\RentRooms\app\controllers\RoomController.scala' because it doesn't belong to a build target.
2020.05.07 15:36:59 WARN  code navigation does not work for the file 'C:\Users\nico9\Desktop\Empresariales\git\RentRooms\app\controllers\RoomController.scala' because it doesn't belong to a build target.
2020.05.07 15:36:59 WARN  code navigation does not work for the file 'C:\Users\nico9\Desktop\Empresariales\git\RentRooms\app\controllers\RoomController.scala' because it doesn't belong to a build target.
2020.05.07 15:37:00 WARN  code navigation does not work for the file 'C:\Users\nico9\Desktop\Empresariales\git\RentRooms\app\controllers\RoomController.scala' because it doesn't belong to a build target.
2020.05.07 15:37:00 WARN  no build target for: C:\Users\nico9\Desktop\Empresariales\git\RentRooms\app\controllers\RoomController.scala
2020.05.07 15:37:46 WARN  no build target for: C:\Users\nico9\Desktop\Empresariales\git\RentRooms\app\controllers\RoomController.scala
2020.05.07 15:38:03 WARN  no build target for: C:\Users\nico9\Desktop\Empresariales\git\RentRooms\app\controllers\RoomController.scala
2020.05.07 15:38:49 WARN  no build target for: C:\Users\nico9\Desktop\Empresariales\git\RentRooms\app\controllers\RoomController.scala
2020.05.07 15:39:32 WARN  no build target for: C:\Users\nico9\Desktop\Empresariales\git\RentRooms\app\controllers\RoomController.scala
2020.05.07 15:39:51 WARN  code navigation does not work for the file 'C:\Users\nico9\Desktop\Empresariales\git\RentRooms\app\controllers\RoomController.scala' because it doesn't belong to a build target.
2020.05.07 15:39:53 WARN  code navigation does not work for the file 'C:\Users\nico9\Desktop\Empresariales\git\RentRooms\app\controllers\RoomController.scala' because it doesn't belong to a build target.
2020.05.07 15:39:53 WARN  code navigation does not work for the file 'C:\Users\nico9\Desktop\Empresariales\git\RentRooms\app\controllers\RoomController.scala' because it doesn't belong to a build target.
2020.05.07 15:39:53 WARN  code navigation does not work for the file 'C:\Users\nico9\Desktop\Empresariales\git\RentRooms\app\controllers\RoomController.scala' because it doesn't belong to a build target.
2020.05.07 15:39:53 WARN  no build target for: C:\Users\nico9\Desktop\Empresariales\git\RentRooms\app\controllers\RoomController.scala
2020.05.07 15:39:53 WARN  code navigation does not work for the file 'C:\Users\nico9\Desktop\Empresariales\git\RentRooms\app\controllers\RoomController.scala' because it doesn't belong to a build target.
2020.05.07 15:44:05 WARN  code navigation does not work for the file 'C:\Users\nico9\Desktop\Empresariales\git\RentRooms\app\controllers\RoomController.scala' because it doesn't belong to a build target.
2020.05.07 15:44:05 WARN  code navigation does not work for the file 'C:\Users\nico9\Desktop\Empresariales\git\RentRooms\app\controllers\RoomController.scala' because it doesn't belong to a build target.
2020.05.07 15:44:05 WARN  code navigation does not work for the file 'C:\Users\nico9\Desktop\Empresariales\git\RentRooms\app\controllers\RoomController.scala' because it doesn't belong to a build target.
2020.05.07 15:44:06 WARN  code navigation does not work for the file 'C:\Users\nico9\Desktop\Empresariales\git\RentRooms\app\controllers\RoomController.scala' because it doesn't belong to a build target.
2020.05.07 15:44:06 WARN  no build target for: C:\Users\nico9\Desktop\Empresariales\git\RentRooms\app\controllers\RoomController.scala
2020.05.07 15:44:08 WARN  no build target for: C:\Users\nico9\Desktop\Empresariales\git\RentRooms\app\controllers\RoomController.scala
2020.05.07 15:44:18 WARN  code navigation does not work for the file 'C:\Users\nico9\Desktop\Empresariales\git\RentRooms\app\controllers\RoomController.scala' because it doesn't belong to a build target.
2020.05.07 15:44:18 WARN  code navigation does not work for the file 'C:\Users\nico9\Desktop\Empresariales\git\RentRooms\app\controllers\RoomController.scala' because it doesn't belong to a build target.
2020.05.07 15:44:20 WARN  no build target for: C:\Users\nico9\Desktop\Empresariales\git\RentRooms\app\controllers\RoomController.scala
2020.05.07 15:45:37 WARN  code navigation does not work for the file 'C:\Users\nico9\Desktop\Empresariales\git\RentRooms\app\controllers\RoomController.scala' because it doesn't belong to a build target.
2020.05.07 15:45:37 WARN  no build target for: C:\Users\nico9\Desktop\Empresariales\git\RentRooms\app\controllers\RoomController.scala
2020.05.07 15:45:40 WARN  code navigation does not work for the file 'C:\Users\nico9\Desktop\Empresariales\git\RentRooms\app\controllers\RoomController.scala' because it doesn't belong to a build target.
2020.05.07 15:45:40 WARN  no build target for: C:\Users\nico9\Desktop\Empresariales\git\RentRooms\app\controllers\RoomController.scala
2020.05.07 15:49:47 WARN  code navigation does not work for the file 'C:\Users\nico9\Desktop\Empresariales\git\RentRooms\app\controllers\RoomController.scala' because it doesn't belong to a build target.
2020.05.07 15:49:47 WARN  no build target for: C:\Users\nico9\Desktop\Empresariales\git\RentRooms\app\controllers\RoomController.scala
2020.05.07 15:50:28 WARN  no build target for: C:\Users\nico9\Desktop\Empresariales\git\RentRooms\app\controllers\RoomController.scala
2020.05.07 15:50:34 WARN  no build target for: C:\Users\nico9\Desktop\Empresariales\git\RentRooms\app\controllers\RoomController.scala
2020.05.07 15:50:53 WARN  code navigation does not work for the file 'C:\Users\nico9\Desktop\Empresariales\git\RentRooms\app\controllers\RoomController.scala' because it doesn't belong to a build target.
2020.05.07 15:50:53 WARN  code navigation does not work for the file 'C:\Users\nico9\Desktop\Empresariales\git\RentRooms\app\controllers\RoomController.scala' because it doesn't belong to a build target.
2020.05.07 15:50:53 WARN  code navigation does not work for the file 'C:\Users\nico9\Desktop\Empresariales\git\RentRooms\app\controllers\RoomController.scala' because it doesn't belong to a build target.
2020.05.07 15:50:53 WARN  code navigation does not work for the file 'C:\Users\nico9\Desktop\Empresariales\git\RentRooms\app\controllers\RoomController.scala' because it doesn't belong to a build target.
2020.05.07 15:50:53 WARN  no build target for: C:\Users\nico9\Desktop\Empresariales\git\RentRooms\app\controllers\RoomController.scala
2020.05.07 15:50:53 WARN  code navigation does not work for the file 'C:\Users\nico9\Desktop\Empresariales\git\RentRooms\app\controllers\RoomController.scala' because it doesn't belong to a build target.
2020.05.07 15:50:55 WARN  code navigation does not work for the file 'C:\Users\nico9\Desktop\Empresariales\git\RentRooms\app\controllers\RoomController.scala' because it doesn't belong to a build target.
2020.05.07 15:51:41 WARN  no build target for: C:\Users\nico9\Desktop\Empresariales\git\RentRooms\app\controllers\RoomController.scala
2020.05.07 15:51:51 WARN  no build target for: C:\Users\nico9\Desktop\Empresariales\git\RentRooms\app\controllers\RoomController.scala
2020.05.07 15:52:00 WARN  no build target for: C:\Users\nico9\Desktop\Empresariales\git\RentRooms\app\controllers\RoomController.scala
2020.05.07 15:54:13 WARN  code navigation does not work for the file 'C:\Users\nico9\Desktop\Empresariales\git\RentRooms\app\controllers\RoomController.scala' because it doesn't belong to a build target.
2020.05.07 15:54:17 WARN  no build target for: C:\Users\nico9\Desktop\Empresariales\git\RentRooms\app\controllers\RoomController.scala
2020.05.07 15:54:42 WARN  no build target for: C:\Users\nico9\Desktop\Empresariales\git\RentRooms\app\controllers\RoomController.scala
2020.05.07 15:55:18 WARN  code navigation does not work for the file 'C:\Users\nico9\Desktop\Empresariales\git\RentRooms\app\controllers\RoomController.scala' because it doesn't belong to a build target.
2020.05.07 15:55:18 WARN  no build target for: C:\Users\nico9\Desktop\Empresariales\git\RentRooms\app\controllers\RoomController.scala
2020.05.07 15:55:26 WARN  no build target for: C:\Users\nico9\Desktop\Empresariales\git\RentRooms\app\controllers\RoomController.scala
2020.05.07 16:16:31 WARN  no build target for: C:\Users\nico9\Desktop\Empresariales\git\RentRooms\app\controllers\RoomController.scala
2020.05.07 16:16:53 WARN  no build target for: C:\Users\nico9\Desktop\Empresariales\git\RentRooms\app\controllers\RoomController.scala
2020.05.07 16:16:53 WARN  no build target for: C:\Users\nico9\Desktop\Empresariales\git\RentRooms\app\controllers\RoomController.scala
2020.05.07 16:17:00 WARN  no build target for: C:\Users\nico9\Desktop\Empresariales\git\RentRooms\app\controllers\RoomController.scala
2020.05.07 16:17:05 WARN  no build target for: C:\Users\nico9\Desktop\Empresariales\git\RentRooms\app\controllers\RoomController.scala
2020.05.07 16:17:53 WARN  no build target for: C:\Users\nico9\Desktop\Empresariales\git\RentRooms\app\controllers\RoomController.scala
2020.05.07 16:18:02 WARN  no build target for: C:\Users\nico9\Desktop\Empresariales\git\RentRooms\app\controllers\RoomController.scala
2020.05.07 16:18:05 WARN  no build target for: C:\Users\nico9\Desktop\Empresariales\git\RentRooms\app\controllers\RoomController.scala
2020.05.07 16:18:09 WARN  code navigation does not work for the file 'C:\Users\nico9\Desktop\Empresariales\git\RentRooms\app\controllers\RoomController.scala' because it doesn't belong to a build target.
2020.05.07 16:18:09 WARN  no build target for: C:\Users\nico9\Desktop\Empresariales\git\RentRooms\app\controllers\RoomController.scala
2020.05.07 16:18:55 WARN  no build target for: C:\Users\nico9\Desktop\Empresariales\git\RentRooms\app\controllers\RoomController.scala
2020.05.07 16:19:05 WARN  code navigation does not work for the file 'C:\Users\nico9\Desktop\Empresariales\git\RentRooms\app\controllers\RoomController.scala' because it doesn't belong to a build target.
2020.05.07 16:19:05 WARN  no build target for: C:\Users\nico9\Desktop\Empresariales\git\RentRooms\app\controllers\RoomController.scala
2020.05.07 16:19:05 WARN  code navigation does not work for the file 'C:\Users\nico9\Desktop\Empresariales\git\RentRooms\app\controllers\RoomController.scala' because it doesn't belong to a build target.
2020.05.07 16:19:21 WARN  no build target for: C:\Users\nico9\Desktop\Empresariales\git\RentRooms\app\controllers\RoomController.scala
2020.05.07 16:19:39 WARN  code navigation does not work for the file 'C:\Users\nico9\Desktop\Empresariales\git\RentRooms\app\controllers\RoomController.scala' because it doesn't belong to a build target.
2020.05.07 16:19:39 WARN  no build target for: C:\Users\nico9\Desktop\Empresariales\git\RentRooms\app\controllers\RoomController.scala
2020.05.07 16:19:43 WARN  code navigation does not work for the file 'C:\Users\nico9\Desktop\Empresariales\git\RentRooms\app\controllers\RoomController.scala' because it doesn't belong to a build target.
2020.05.07 16:19:43 WARN  no build target for: C:\Users\nico9\Desktop\Empresariales\git\RentRooms\app\controllers\RoomController.scala
2020.05.07 16:19:43 WARN  code navigation does not work for the file 'C:\Users\nico9\Desktop\Empresariales\git\RentRooms\app\controllers\RoomController.scala' because it doesn't belong to a build target.
2020.05.07 16:19:48 WARN  no build target for: C:\Users\nico9\Desktop\Empresariales\git\RentRooms\app\controllers\RoomController.scala
2020.05.07 16:31:29 WARN  code navigation does not work for the file 'C:\Users\nico9\Desktop\Empresariales\git\RentRooms\app\controllers\RoomController.scala' because it doesn't belong to a build target.
2020.05.07 16:31:41 WARN  no build target for: C:\Users\nico9\Desktop\Empresariales\git\RentRooms\app\controllers\RoomController.scala
2020.05.07 16:31:46 WARN  no build target for: C:\Users\nico9\Desktop\Empresariales\git\RentRooms\app\controllers\RoomController.scala
2020.05.07 16:31:49 WARN  no build target for: C:\Users\nico9\Desktop\Empresariales\git\RentRooms\app\controllers\RoomController.scala
2020.05.07 16:31:51 WARN  no build target for: C:\Users\nico9\Desktop\Empresariales\git\RentRooms\app\controllers\RoomController.scala
2020.05.07 16:31:54 WARN  no build target for: C:\Users\nico9\Desktop\Empresariales\git\RentRooms\app\controllers\RoomController.scala
2020.05.07 16:31:58 WARN  no build target for: C:\Users\nico9\Desktop\Empresariales\git\RentRooms\app\controllers\RoomController.scala
2020.05.07 16:32:14 WARN  no build target for: C:\Users\nico9\Desktop\Empresariales\git\RentRooms\app\controllers\RoomController.scala
2020.05.07 16:32:31 WARN  no build target for: C:\Users\nico9\Desktop\Empresariales\git\RentRooms\app\controllers\RoomController.scala
2020.05.07 16:32:37 WARN  no build target for: C:\Users\nico9\Desktop\Empresariales\git\RentRooms\app\controllers\RoomController.scala
2020.05.07 16:32:39 WARN  no build target for: C:\Users\nico9\Desktop\Empresariales\git\RentRooms\app\controllers\RoomController.scala
2020.05.07 16:32:45 WARN  no build target for: C:\Users\nico9\Desktop\Empresariales\git\RentRooms\app\controllers\RoomController.scala
2020.05.07 16:32:49 WARN  no build target for: C:\Users\nico9\Desktop\Empresariales\git\RentRooms\app\controllers\RoomController.scala
2020.05.07 16:33:15 WARN  code navigation does not work for the file 'C:\Users\nico9\Desktop\Empresariales\git\RentRooms\app\controllers\RoomController.scala' because it doesn't belong to a build target.
2020.05.07 16:33:15 WARN  no build target for: C:\Users\nico9\Desktop\Empresariales\git\RentRooms\app\controllers\RoomController.scala
2020.05.07 16:33:15 WARN  no build target for: C:\Users\nico9\Desktop\Empresariales\git\RentRooms\app\controllers\RoomController.scala
2020.05.07 16:33:17 WARN  code navigation does not work for the file 'C:\Users\nico9\Desktop\Empresariales\git\RentRooms\app\controllers\RoomController.scala' because it doesn't belong to a build target.
2020.05.07 16:33:17 WARN  no build target for: C:\Users\nico9\Desktop\Empresariales\git\RentRooms\app\controllers\RoomController.scala
2020.05.07 16:33:29 WARN  no build target for: C:\Users\nico9\Desktop\Empresariales\git\RentRooms\app\controllers\RoomController.scala
2020.05.07 16:33:31 WARN  code navigation does not work for the file 'C:\Users\nico9\Desktop\Empresariales\git\RentRooms\app\controllers\RoomController.scala' because it doesn't belong to a build target.
2020.05.07 16:33:31 WARN  no build target for: C:\Users\nico9\Desktop\Empresariales\git\RentRooms\app\controllers\RoomController.scala
2020.05.07 16:33:31 WARN  code navigation does not work for the file 'C:\Users\nico9\Desktop\Empresariales\git\RentRooms\app\controllers\RoomController.scala' because it doesn't belong to a build target.
2020.05.07 16:33:34 WARN  no build target for: C:\Users\nico9\Desktop\Empresariales\git\RentRooms\app\controllers\RoomController.scala
2020.05.07 17:13:13 WARN  no build target for: C:\Users\nico9\Desktop\Empresariales\git\RentRooms\app\controllers\RoomController.scala
2020.05.07 17:13:17 WARN  code navigation does not work for the file 'C:\Users\nico9\Desktop\Empresariales\git\RentRooms\app\controllers\RoomController.scala' because it doesn't belong to a build target.
2020.05.07 17:13:17 WARN  no build target for: C:\Users\nico9\Desktop\Empresariales\git\RentRooms\app\controllers\RoomController.scala
2020.05.07 17:13:22 WARN  no build target for: C:\Users\nico9\Desktop\Empresariales\git\RentRooms\app\controllers\RoomController.scala
2020.05.07 17:13:26 WARN  no build target for: C:\Users\nico9\Desktop\Empresariales\git\RentRooms\app\controllers\RoomController.scala
2020.05.07 17:13:31 WARN  no build target for: C:\Users\nico9\Desktop\Empresariales\git\RentRooms\app\controllers\RoomController.scala
2020.05.07 17:13:35 WARN  no build target for: C:\Users\nico9\Desktop\Empresariales\git\RentRooms\app\controllers\RoomController.scala
2020.05.07 17:13:45 WARN  no build target for: C:\Users\nico9\Desktop\Empresariales\git\RentRooms\app\controllers\RoomController.scala
2020.05.07 17:13:48 WARN  no build target for: C:\Users\nico9\Desktop\Empresariales\git\RentRooms\app\controllers\RoomController.scala
2020.05.07 17:16:14 WARN  no build target for: C:\Users\nico9\Desktop\Empresariales\git\RentRooms\app\controllers\RoomController.scala
2020.05.07 17:16:14 WARN  code navigation does not work for the file 'C:\Users\nico9\Desktop\Empresariales\git\RentRooms\app\controllers\RoomController.scala' because it doesn't belong to a build target.
2020.05.07 17:16:36 WARN  no build target for: C:\Users\nico9\Desktop\Empresariales\git\RentRooms\app\controllers\RoomController.scala
2020.05.07 17:16:37 WARN  no build target for: C:\Users\nico9\Desktop\Empresariales\git\RentRooms\app\controllers\RoomController.scala
2020.05.07 17:16:50 WARN  no build target for: C:\Users\nico9\Desktop\Empresariales\git\RentRooms\app\controllers\RoomController.scala
2020.05.07 17:17:12 WARN  no build target for: C:\Users\nico9\Desktop\Empresariales\git\RentRooms\app\controllers\RoomController.scala
2020.05.07 17:17:28 WARN  no build target for: C:\Users\nico9\Desktop\Empresariales\git\RentRooms\app\controllers\RoomController.scala
2020.05.07 17:17:32 WARN  no build target for: C:\Users\nico9\Desktop\Empresariales\git\RentRooms\app\controllers\RoomController.scala
2020.05.07 17:17:49 WARN  code navigation does not work for the file 'C:\Users\nico9\Desktop\Empresariales\git\RentRooms\app\controllers\RoomController.scala' because it doesn't belong to a build target.
2020.05.07 17:17:49 WARN  code navigation does not work for the file 'C:\Users\nico9\Desktop\Empresariales\git\RentRooms\app\controllers\RoomController.scala' because it doesn't belong to a build target.
2020.05.07 17:17:49 WARN  code navigation does not work for the file 'C:\Users\nico9\Desktop\Empresariales\git\RentRooms\app\controllers\RoomController.scala' because it doesn't belong to a build target.
2020.05.07 17:17:49 WARN  no build target for: C:\Users\nico9\Desktop\Empresariales\git\RentRooms\app\controllers\RoomController.scala
2020.05.07 17:17:51 WARN  no build target for: C:\Users\nico9\Desktop\Empresariales\git\RentRooms\app\controllers\RoomController.scala
2020.05.07 17:18:12 WARN  no build target for: C:\Users\nico9\Desktop\Empresariales\git\RentRooms\app\controllers\RoomController.scala
2020.05.07 17:18:43 WARN  code navigation does not work for the file 'C:\Users\nico9\Desktop\Empresariales\git\RentRooms\app\controllers\RoomController.scala' because it doesn't belong to a build target.
2020.05.07 17:18:43 WARN  code navigation does not work for the file 'C:\Users\nico9\Desktop\Empresariales\git\RentRooms\app\controllers\RoomController.scala' because it doesn't belong to a build target.
2020.05.07 17:18:43 WARN  no build target for: C:\Users\nico9\Desktop\Empresariales\git\RentRooms\app\controllers\RoomController.scala
2020.05.07 17:18:59 WARN  code navigation does not work for the file 'C:\Users\nico9\Desktop\Empresariales\git\RentRooms\app\controllers\RoomController.scala' because it doesn't belong to a build target.
2020.05.07 17:18:59 WARN  no build target for: C:\Users\nico9\Desktop\Empresariales\git\RentRooms\app\controllers\RoomController.scala
2020.05.07 17:19:01 WARN  code navigation does not work for the file 'C:\Users\nico9\Desktop\Empresariales\git\RentRooms\app\controllers\RoomController.scala' because it doesn't belong to a build target.
2020.05.07 17:19:01 WARN  no build target for: C:\Users\nico9\Desktop\Empresariales\git\RentRooms\app\controllers\RoomController.scala
2020.05.07 17:19:01 WARN  code navigation does not work for the file 'C:\Users\nico9\Desktop\Empresariales\git\RentRooms\app\controllers\RoomController.scala' because it doesn't belong to a build target.
2020.05.07 17:19:03 WARN  code navigation does not work for the file 'C:\Users\nico9\Desktop\Empresariales\git\RentRooms\app\controllers\RoomController.scala' because it doesn't belong to a build target.
2020.05.07 17:19:03 WARN  code navigation does not work for the file 'C:\Users\nico9\Desktop\Empresariales\git\RentRooms\app\controllers\RoomController.scala' because it doesn't belong to a build target.
2020.05.07 17:19:10 WARN  no build target for: C:\Users\nico9\Desktop\Empresariales\git\RentRooms\app\controllers\RoomController.scala
2020.05.07 17:19:24 WARN  code navigation does not work for the file 'C:\Users\nico9\Desktop\Empresariales\git\RentRooms\app\controllers\RoomController.scala' because it doesn't belong to a build target.
2020.05.07 17:19:24 WARN  code navigation does not work for the file 'C:\Users\nico9\Desktop\Empresariales\git\RentRooms\app\controllers\RoomController.scala' because it doesn't belong to a build target.
2020.05.07 17:19:27 WARN  code navigation does not work for the file 'C:\Users\nico9\Desktop\Empresariales\git\RentRooms\app\controllers\RoomController.scala' because it doesn't belong to a build target.
2020.05.07 17:19:28 WARN  code navigation does not work for the file 'C:\Users\nico9\Desktop\Empresariales\git\RentRooms\app\controllers\RoomController.scala' because it doesn't belong to a build target.
2020.05.07 17:19:28 WARN  no build target for: C:\Users\nico9\Desktop\Empresariales\git\RentRooms\app\controllers\RoomController.scala
2020.05.07 17:19:28 WARN  code navigation does not work for the file 'C:\Users\nico9\Desktop\Empresariales\git\RentRooms\app\controllers\RoomController.scala' because it doesn't belong to a build target.
2020.05.07 17:19:31 WARN  code navigation does not work for the file 'C:\Users\nico9\Desktop\Empresariales\git\RentRooms\app\controllers\RoomController.scala' because it doesn't belong to a build target.
2020.05.07 17:19:31 WARN  no build target for: C:\Users\nico9\Desktop\Empresariales\git\RentRooms\app\controllers\RoomController.scala
2020.05.07 17:19:37 WARN  code navigation does not work for the file 'C:\Users\nico9\Desktop\Empresariales\git\RentRooms\app\controllers\RoomController.scala' because it doesn't belong to a build target.
2020.05.07 17:19:37 WARN  code navigation does not work for the file 'C:\Users\nico9\Desktop\Empresariales\git\RentRooms\app\controllers\RoomController.scala' because it doesn't belong to a build target.
2020.05.07 17:19:38 WARN  code navigation does not work for the file 'C:\Users\nico9\Desktop\Empresariales\git\RentRooms\app\controllers\RoomController.scala' because it doesn't belong to a build target.
2020.05.07 17:19:38 WARN  code navigation does not work for the file 'C:\Users\nico9\Desktop\Empresariales\git\RentRooms\app\controllers\RoomController.scala' because it doesn't belong to a build target.
2020.05.07 17:19:38 WARN  code navigation does not work for the file 'C:\Users\nico9\Desktop\Empresariales\git\RentRooms\app\controllers\RoomController.scala' because it doesn't belong to a build target.
2020.05.07 17:19:38 WARN  no build target for: C:\Users\nico9\Desktop\Empresariales\git\RentRooms\app\controllers\RoomController.scala
2020.05.07 17:19:42 WARN  no build target for: C:\Users\nico9\Desktop\Empresariales\git\RentRooms\app\controllers\RoomController.scala
2020.05.07 17:19:45 WARN  code navigation does not work for the file 'C:\Users\nico9\Desktop\Empresariales\git\RentRooms\app\controllers\RoomController.scala' because it doesn't belong to a build target.
2020.05.07 17:19:45 WARN  no build target for: C:\Users\nico9\Desktop\Empresariales\git\RentRooms\app\controllers\RoomController.scala
2020.05.07 17:19:47 WARN  code navigation does not work for the file 'C:\Users\nico9\Desktop\Empresariales\git\RentRooms\app\controllers\RoomController.scala' because it doesn't belong to a build target.
2020.05.07 17:19:47 WARN  code navigation does not work for the file 'C:\Users\nico9\Desktop\Empresariales\git\RentRooms\app\controllers\RoomController.scala' because it doesn't belong to a build target.
2020.05.07 17:19:47 WARN  no build target for: C:\Users\nico9\Desktop\Empresariales\git\RentRooms\app\controllers\RoomController.scala
2020.05.07 17:19:49 WARN  code navigation does not work for the file 'C:\Users\nico9\Desktop\Empresariales\git\RentRooms\app\controllers\RoomController.scala' because it doesn't belong to a build target.
2020.05.07 17:19:51 WARN  code navigation does not work for the file 'C:\Users\nico9\Desktop\Empresariales\git\RentRooms\app\controllers\RoomController.scala' because it doesn't belong to a build target.
2020.05.07 17:20:19 WARN  no build target for: C:\Users\nico9\Desktop\Empresariales\git\RentRooms\app\controllers\RoomController.scala
2020.05.07 17:21:23 WARN  code navigation does not work for the file 'C:\Users\nico9\Desktop\Empresariales\git\RentRooms\app\controllers\RoomController.scala' because it doesn't belong to a build target.
2020.05.07 17:21:23 WARN  code navigation does not work for the file 'C:\Users\nico9\Desktop\Empresariales\git\RentRooms\app\controllers\RoomController.scala' because it doesn't belong to a build target.
2020.05.07 17:21:23 WARN  no build target for: C:\Users\nico9\Desktop\Empresariales\git\RentRooms\app\controllers\RoomController.scala
2020.05.07 17:21:26 WARN  no build target for: C:\Users\nico9\Desktop\Empresariales\git\RentRooms\app\controllers\RoomController.scala
2020.05.07 17:21:28 WARN  no build target for: C:\Users\nico9\Desktop\Empresariales\git\RentRooms\app\controllers\RoomController.scala
2020.05.07 17:21:40 WARN  no build target for: C:\Users\nico9\Desktop\Empresariales\git\RentRooms\app\controllers\RoomController.scala
2020.05.07 17:21:56 WARN  no build target for: C:\Users\nico9\Desktop\Empresariales\git\RentRooms\app\controllers\RoomController.scala
2020.05.07 17:22:00 WARN  code navigation does not work for the file 'C:\Users\nico9\Desktop\Empresariales\git\RentRooms\app\controllers\RoomController.scala' because it doesn't belong to a build target.
2020.05.07 17:22:00 WARN  code navigation does not work for the file 'C:\Users\nico9\Desktop\Empresariales\git\RentRooms\app\controllers\RoomController.scala' because it doesn't belong to a build target.
2020.05.07 17:22:00 WARN  no build target for: C:\Users\nico9\Desktop\Empresariales\git\RentRooms\app\controllers\RoomController.scala
2020.05.07 17:22:10 WARN  no build target for: C:\Users\nico9\Desktop\Empresariales\git\RentRooms\app\controllers\RoomController.scala
2020.05.07 17:22:19 WARN  no build target for: C:\Users\nico9\Desktop\Empresariales\git\RentRooms\app\controllers\RoomController.scala
2020.05.07 17:22:22 WARN  code navigation does not work for the file 'C:\Users\nico9\Desktop\Empresariales\git\RentRooms\app\controllers\RoomController.scala' because it doesn't belong to a build target.
2020.05.07 17:22:23 WARN  code navigation does not work for the file 'C:\Users\nico9\Desktop\Empresariales\git\RentRooms\app\controllers\RoomController.scala' because it doesn't belong to a build target.
2020.05.07 17:22:23 WARN  no build target for: C:\Users\nico9\Desktop\Empresariales\git\RentRooms\app\controllers\RoomController.scala
2020.05.07 17:22:40 WARN  code navigation does not work for the file 'C:\Users\nico9\Desktop\Empresariales\git\RentRooms\app\controllers\RoomController.scala' because it doesn't belong to a build target.
2020.05.07 17:22:40 WARN  code navigation does not work for the file 'C:\Users\nico9\Desktop\Empresariales\git\RentRooms\app\controllers\RoomController.scala' because it doesn't belong to a build target.
2020.05.07 17:22:40 WARN  code navigation does not work for the file 'C:\Users\nico9\Desktop\Empresariales\git\RentRooms\app\controllers\RoomController.scala' because it doesn't belong to a build target.
2020.05.07 17:22:40 WARN  code navigation does not work for the file 'C:\Users\nico9\Desktop\Empresariales\git\RentRooms\app\controllers\RoomController.scala' because it doesn't belong to a build target.
2020.05.07 17:22:56 WARN  no build target for: C:\Users\nico9\Desktop\Empresariales\git\RentRooms\app\controllers\RoomController.scala
2020.05.07 17:23:25 WARN  no build target for: C:\Users\nico9\Desktop\Empresariales\git\RentRooms\app\controllers\RoomController.scala
2020.05.07 17:23:30 WARN  no build target for: C:\Users\nico9\Desktop\Empresariales\git\RentRooms\app\controllers\RoomController.scala
2020.05.07 17:23:35 WARN  code navigation does not work for the file 'C:\Users\nico9\Desktop\Empresariales\git\RentRooms\app\controllers\RoomController.scala' because it doesn't belong to a build target.
2020.05.07 17:23:35 WARN  no build target for: C:\Users\nico9\Desktop\Empresariales\git\RentRooms\app\controllers\RoomController.scala
2020.05.07 17:25:56 WARN  no build target for: C:\Users\nico9\Desktop\Empresariales\git\RentRooms\app\controllers\RoomController.scala
2020.05.07 17:26:12 WARN  no build target for: C:\Users\nico9\Desktop\Empresariales\git\RentRooms\app\controllers\RoomController.scala
2020.05.07 17:27:58 WARN  no build target for: C:\Users\nico9\Desktop\Empresariales\git\RentRooms\app\controllers\RoomController.scala
2020.05.07 17:28:08 WARN  code navigation does not work for the file 'C:\Users\nico9\Desktop\Empresariales\git\RentRooms\app\controllers\RoomController.scala' because it doesn't belong to a build target.
2020.05.07 17:28:08 WARN  code navigation does not work for the file 'C:\Users\nico9\Desktop\Empresariales\git\RentRooms\app\controllers\RoomController.scala' because it doesn't belong to a build target.
2020.05.07 17:28:08 WARN  no build target for: C:\Users\nico9\Desktop\Empresariales\git\RentRooms\app\controllers\RoomController.scala
2020.05.07 17:28:12 WARN  code navigation does not work for the file 'C:\Users\nico9\Desktop\Empresariales\git\RentRooms\app\controllers\RoomController.scala' because it doesn't belong to a build target.
2020.05.07 17:28:20 WARN  no build target for: C:\Users\nico9\Desktop\Empresariales\git\RentRooms\app\controllers\RoomController.scala
2020.05.07 17:29:08 WARN  no build target for: C:\Users\nico9\Desktop\Empresariales\git\RentRooms\app\controllers\RoomController.scala
2020.05.07 17:29:13 WARN  code navigation does not work for the file 'C:\Users\nico9\Desktop\Empresariales\git\RentRooms\app\controllers\RoomController.scala' because it doesn't belong to a build target.
2020.05.07 17:29:13 WARN  code navigation does not work for the file 'C:\Users\nico9\Desktop\Empresariales\git\RentRooms\app\controllers\RoomController.scala' because it doesn't belong to a build target.
2020.05.07 17:29:13 WARN  code navigation does not work for the file 'C:\Users\nico9\Desktop\Empresariales\git\RentRooms\app\controllers\RoomController.scala' because it doesn't belong to a build target.
2020.05.07 17:29:13 WARN  code navigation does not work for the file 'C:\Users\nico9\Desktop\Empresariales\git\RentRooms\app\controllers\RoomController.scala' because it doesn't belong to a build target.
2020.05.07 17:29:15 WARN  code navigation does not work for the file 'C:\Users\nico9\Desktop\Empresariales\git\RentRooms\app\controllers\RoomController.scala' because it doesn't belong to a build target.
2020.05.07 17:29:31 WARN  no build target for: C:\Users\nico9\Desktop\Empresariales\git\RentRooms\app\controllers\RoomController.scala
2020.05.07 17:29:48 WARN  no build target for: C:\Users\nico9\Desktop\Empresariales\git\RentRooms\app\controllers\RoomController.scala
2020.05.07 17:29:59 WARN  code navigation does not work for the file 'C:\Users\nico9\Desktop\Empresariales\git\RentRooms\app\controllers\RoomController.scala' because it doesn't belong to a build target.
2020.05.07 17:29:59 WARN  no build target for: C:\Users\nico9\Desktop\Empresariales\git\RentRooms\app\controllers\RoomController.scala
2020.05.07 17:30:41 WARN  no build target for: C:\Users\nico9\Desktop\Empresariales\git\RentRooms\app\controllers\RoomController.scala
2020.05.07 17:31:07 WARN  code navigation does not work for the file 'C:\Users\nico9\Desktop\Empresariales\git\RentRooms\app\controllers\RoomController.scala' because it doesn't belong to a build target.
2020.05.07 17:31:07 WARN  no build target for: C:\Users\nico9\Desktop\Empresariales\git\RentRooms\app\controllers\RoomController.scala
2020.05.07 17:31:10 WARN  no build target for: C:\Users\nico9\Desktop\Empresariales\git\RentRooms\app\controllers\RoomController.scala
2020.05.07 17:31:10 WARN  code navigation does not work for the file 'C:\Users\nico9\Desktop\Empresariales\git\RentRooms\app\controllers\RoomController.scala' because it doesn't belong to a build target.
2020.05.07 17:31:12 WARN  no build target for: C:\Users\nico9\Desktop\Empresariales\git\RentRooms\app\controllers\RoomController.scala
2020.05.07 17:32:17 WARN  no build target for: C:\Users\nico9\Desktop\Empresariales\git\RentRooms\app\controllers\RoomController.scala
2020.05.07 17:32:18 WARN  no build target for: C:\Users\nico9\Desktop\Empresariales\git\RentRooms\app\controllers\RoomController.scala
2020.05.07 17:32:23 WARN  no build target for: C:\Users\nico9\Desktop\Empresariales\git\RentRooms\app\controllers\RoomController.scala
2020.05.07 17:32:26 WARN  no build target for: C:\Users\nico9\Desktop\Empresariales\git\RentRooms\app\controllers\RoomController.scala
2020.05.07 17:32:26 WARN  no build target for: C:\Users\nico9\Desktop\Empresariales\git\RentRooms\app\controllers\RoomController.scala
2020.05.07 17:32:40 WARN  no build target for: C:\Users\nico9\Desktop\Empresariales\git\RentRooms\app\controllers\RoomController.scala
2020.05.07 17:33:31 WARN  no build target for: C:\Users\nico9\Desktop\Empresariales\git\RentRooms\app\controllers\RoomController.scala
2020.05.07 17:33:31 WARN  no build target for: C:\Users\nico9\Desktop\Empresariales\git\RentRooms\app\controllers\RoomController.scala
2020.05.07 17:34:15 WARN  code navigation does not work for the file 'C:\Users\nico9\Desktop\Empresariales\git\RentRooms\app\controllers\RoomController.scala' because it doesn't belong to a build target.
2020.05.07 17:34:16 WARN  code navigation does not work for the file 'C:\Users\nico9\Desktop\Empresariales\git\RentRooms\app\controllers\RoomController.scala' because it doesn't belong to a build target.
2020.05.07 17:34:17 WARN  code navigation does not work for the file 'C:\Users\nico9\Desktop\Empresariales\git\RentRooms\app\controllers\RoomController.scala' because it doesn't belong to a build target.
2020.05.07 17:34:17 WARN  code navigation does not work for the file 'C:\Users\nico9\Desktop\Empresariales\git\RentRooms\app\controllers\RoomController.scala' because it doesn't belong to a build target.
2020.05.07 17:34:20 WARN  code navigation does not work for the file 'C:\Users\nico9\Desktop\Empresariales\git\RentRooms\app\controllers\RoomController.scala' because it doesn't belong to a build target.
2020.05.07 17:34:20 WARN  code navigation does not work for the file 'C:\Users\nico9\Desktop\Empresariales\git\RentRooms\app\controllers\RoomController.scala' because it doesn't belong to a build target.
2020.05.07 17:34:22 WARN  code navigation does not work for the file 'C:\Users\nico9\Desktop\Empresariales\git\RentRooms\app\controllers\RoomController.scala' because it doesn't belong to a build target.
2020.05.07 17:34:24 WARN  code navigation does not work for the file 'C:\Users\nico9\Desktop\Empresariales\git\RentRooms\app\controllers\RoomController.scala' because it doesn't belong to a build target.
2020.05.07 17:34:24 WARN  code navigation does not work for the file 'C:\Users\nico9\Desktop\Empresariales\git\RentRooms\app\controllers\RoomController.scala' because it doesn't belong to a build target.
2020.05.07 17:34:26 WARN  code navigation does not work for the file 'C:\Users\nico9\Desktop\Empresariales\git\RentRooms\app\controllers\RoomController.scala' because it doesn't belong to a build target.
2020.05.07 17:34:37 WARN  no build target for: C:\Users\nico9\Desktop\Empresariales\git\RentRooms\app\controllers\RoomController.scala
2020.05.07 17:34:40 WARN  no build target for: C:\Users\nico9\Desktop\Empresariales\git\RentRooms\app\controllers\RoomController.scala
2020.05.07 17:34:48 WARN  no build target for: C:\Users\nico9\Desktop\Empresariales\git\RentRooms\app\controllers\RoomController.scala
2020.05.07 17:34:57 WARN  no build target for: C:\Users\nico9\Desktop\Empresariales\git\RentRooms\app\controllers\RoomController.scala
2020.05.07 17:35:04 WARN  no build target for: C:\Users\nico9\Desktop\Empresariales\git\RentRooms\app\controllers\RoomController.scala
2020.05.07 17:37:41 WARN  no build target for: C:\Users\nico9\Desktop\Empresariales\git\RentRooms\app\controllers\RoomController.scala
2020.05.07 17:38:29 WARN  code navigation does not work for the file 'C:\Users\nico9\Desktop\Empresariales\git\RentRooms\app\controllers\RoomController.scala' because it doesn't belong to a build target.
2020.05.07 17:38:29 WARN  code navigation does not work for the file 'C:\Users\nico9\Desktop\Empresariales\git\RentRooms\app\controllers\RoomController.scala' because it doesn't belong to a build target.
2020.05.07 17:38:29 WARN  no build target for: C:\Users\nico9\Desktop\Empresariales\git\RentRooms\app\controllers\RoomController.scala
2020.05.07 17:38:29 WARN  code navigation does not work for the file 'C:\Users\nico9\Desktop\Empresariales\git\RentRooms\app\controllers\RoomController.scala' because it doesn't belong to a build target.
2020.05.07 17:38:29 WARN  code navigation does not work for the file 'C:\Users\nico9\Desktop\Empresariales\git\RentRooms\app\controllers\RoomController.scala' because it doesn't belong to a build target.
2020.05.07 17:38:57 WARN  no build target for: C:\Users\nico9\Desktop\Empresariales\git\RentRooms\app\controllers\RoomController.scala
2020.05.07 17:39:02 WARN  no build target for: C:\Users\nico9\Desktop\Empresariales\git\RentRooms\app\controllers\RoomController.scala
2020.05.07 17:39:36 WARN  no build target for: C:\Users\nico9\Desktop\Empresariales\git\RentRooms\app\controllers\RoomController.scala
2020.05.07 17:39:57 WARN  code navigation does not work for the file 'C:\Users\nico9\Desktop\Empresariales\git\RentRooms\app\controllers\RoomController.scala' because it doesn't belong to a build target.
2020.05.07 17:39:58 WARN  code navigation does not work for the file 'C:\Users\nico9\Desktop\Empresariales\git\RentRooms\app\controllers\RoomController.scala' because it doesn't belong to a build target.
2020.05.07 17:39:58 WARN  code navigation does not work for the file 'C:\Users\nico9\Desktop\Empresariales\git\RentRooms\app\controllers\RoomController.scala' because it doesn't belong to a build target.
2020.05.07 17:39:59 WARN  code navigation does not work for the file 'C:\Users\nico9\Desktop\Empresariales\git\RentRooms\app\controllers\RoomController.scala' because it doesn't belong to a build target.
2020.05.07 17:39:59 WARN  code navigation does not work for the file 'C:\Users\nico9\Desktop\Empresariales\git\RentRooms\app\controllers\RoomController.scala' because it doesn't belong to a build target.
2020.05.07 17:39:59 WARN  no build target for: C:\Users\nico9\Desktop\Empresariales\git\RentRooms\app\controllers\RoomController.scala
2020.05.07 17:39:59 WARN  code navigation does not work for the file 'C:\Users\nico9\Desktop\Empresariales\git\RentRooms\app\controllers\RoomController.scala' because it doesn't belong to a build target.
2020.05.07 17:40:01 WARN  no build target for: C:\Users\nico9\Desktop\Empresariales\git\RentRooms\app\controllers\RoomController.scala
2020.05.07 17:40:01 WARN  code navigation does not work for the file 'C:\Users\nico9\Desktop\Empresariales\git\RentRooms\app\controllers\RoomController.scala' because it doesn't belong to a build target.
2020.05.07 17:40:03 WARN  no build target for: C:\Users\nico9\Desktop\Empresariales\git\RentRooms\app\controllers\RoomController.scala
2020.05.07 17:40:05 WARN  no build target for: C:\Users\nico9\Desktop\Empresariales\git\RentRooms\app\controllers\RoomController.scala
2020.05.07 17:40:12 WARN  code navigation does not work for the file 'C:\Users\nico9\Desktop\Empresariales\git\RentRooms\app\controllers\RoomController.scala' because it doesn't belong to a build target.
2020.05.07 17:40:12 WARN  no build target for: C:\Users\nico9\Desktop\Empresariales\git\RentRooms\app\controllers\RoomController.scala
2020.05.07 17:42:57 WARN  no build target for: C:\Users\nico9\Desktop\Empresariales\git\RentRooms\app\controllers\RoomController.scala
2020.05.07 17:59:11 INFO  shutting down Metals
